Using pre-set license

 COMMAND LINE ARGUMENTS:
/Users/daniel/Documents/UnityVersions/2021.1.3f1/Unity.app/Contents/MacOS/Unity
-adb2
-batchMode
-noUpm
-name
AssetImportWorker0
-projectPath
/Users/daniel/Documents/Projects/3d-education
-logFile
Logs/AssetImportWorker0.log
-srvPort
49390
Successfully changed project path to: /Users/daniel/Documents/Projects/3d-education
/Users/daniel/Documents/Projects/3d-education
Using Asset Import Pipeline V2.
Refreshing native plugins compatible for Editor in 80.93 ms, found 1 plugins.
Preloading 0 native plugins for Editor in 0.00 ms.
Initialize engine version: 2021.1.3f1 (4bef613afd59)
[Subsystems] Discovering subsystems at path /Users/daniel/Documents/UnityVersions/2021.1.3f1/Unity.app/Contents/Resources/UnitySubsystems
[Subsystems] Discovering subsystems at path /Users/daniel/Documents/Projects/3d-education/Assets
GfxDevice: creating device client; threaded=0; jobified=0
2021-06-08 01:01:50.502 Unity[1751:14446] Color LCD preferred device: Intel(R) UHD Graphics 630 (low power)
2021-06-08 01:01:50.502 Unity[1751:14446] Metal devices available: 2
2021-06-08 01:01:50.502 Unity[1751:14446] 0: AMD Radeon Pro 5500M (high power)
2021-06-08 01:01:50.503 Unity[1751:14446] 1: Intel(R) UHD Graphics 630 (low power)
2021-06-08 01:01:50.503 Unity[1751:14446] Using device AMD Radeon Pro 5500M (high power)
Initializing Metal device caps: AMD Radeon Pro 5500M
Initialize mono
Mono path[0] = '/Users/daniel/Documents/UnityVersions/2021.1.3f1/Unity.app/Contents/Managed'
Mono path[1] = '/Users/daniel/Documents/UnityVersions/2021.1.3f1/Unity.app/Contents/MonoBleedingEdge/lib/mono/unityjit'
Mono config path = '/Users/daniel/Documents/UnityVersions/2021.1.3f1/Unity.app/Contents/MonoBleedingEdge/etc'
Using monoOptions --debugger-agent=transport=dt_socket,embedding=1,server=y,suspend=n,address=127.0.0.1:56751
Begin MonoManager ReloadAssembly
Registering precompiled unity dll's ...
Register platform support module: /Users/daniel/Documents/UnityVersions/2021.1.3f1/PlaybackEngines/WebGLSupport/UnityEditor.WebGL.Extensions.dll
Register platform support module: /Users/daniel/Documents/UnityVersions/2021.1.3f1/Unity.app/Contents/PlaybackEngines/MacStandaloneSupport/UnityEditor.OSXStandalone.Extensions.dll
Registered in 0.000905 seconds.
Native extension for OSXStandalone target not found
Native extension for WebGL target not found
Refreshing native plugins compatible for Editor in 73.97 ms, found 1 plugins.
Preloading 0 native plugins for Editor in 0.00 ms.
Mono: successfully reloaded assembly
- Completed reload, in  4.100 seconds
Platform modules already initialized, skipping
Registering precompiled user dll's ...
Registered in 0.001511 seconds.
Begin MonoManager ReloadAssembly
Native extension for OSXStandalone target not found
Native extension for WebGL target not found
Refreshing native plugins compatible for Editor in 67.70 ms, found 1 plugins.
Preloading 0 native plugins for Editor in 0.00 ms.
Mono: successfully reloaded assembly
- Completed reload, in  1.187 seconds
Platform modules already initialized, skipping
========================================================================
Worker process is ready to serve import requests
Launching external process: /Users/daniel/Documents/UnityVersions/2021.1.3f1/Unity.app/Contents/Tools/UnityShaderCompiler
Launched and connected shader compiler UnityShaderCompiler after 0.01 seconds
Refreshing native plugins compatible for Editor in 0.58 ms, found 1 plugins.
Preloading 0 native plugins for Editor in 0.00 ms.
Unloading 3022 Unused Serialized files (Serialized files now loaded: 0)
System memory in use before: 189.1 MB.
System memory in use after: 189.3 MB.

Unloading 16 unused Assets to reduce memory usage. Loaded Objects now: 3478.
Total: 2.671918 ms (FindLiveObjects: 0.305614 ms CreateObjectMapping: 0.187369 ms MarkObjects: 2.110626 ms  DeleteObjects: 0.067070 ms)

========================================================================
Received Import Request.
  path: Assets/Prefabs/digestive system.prefab
  artifactKey: Guid(af9e02bb11ae74ea29ffa069dea073ed) Importer(815301076,1909f56bfc062723c751e8b465ee728b)
Start importing Assets/Prefabs/digestive system.prefab using Guid(af9e02bb11ae74ea29ffa069dea073ed) Importer(815301076,1909f56bfc062723c751e8b465ee728b)  -> (artifact id: '94d05a7ee53f221b35c786013a9fceb2') in 1.389833 seconds 
========================================================================
Received Prepare
Registering precompiled user dll's ...
Registered in 0.001163 seconds.
Begin MonoManager ReloadAssembly
Native extension for OSXStandalone target not found
Native extension for WebGL target not found
Refreshing native plugins compatible for Editor in 0.56 ms, found 1 plugins.
Preloading 0 native plugins for Editor in 0.00 ms.
Mono: successfully reloaded assembly
- Completed reload, in  1.030 seconds
Platform modules already initialized, skipping
Switching build target platform(2) subTarget(0) extendedPlatform(0) -> platform(13) subTarget(524288) extendedPlatform(0)
Refreshing native plugins compatible for Editor in 0.46 ms, found 1 plugins.
Preloading 0 native plugins for Editor in 0.00 ms.
Unloading 3000 Unused Serialized files (Serialized files now loaded: 0)
System memory in use before: 194.8 MB.
System memory in use after: 195.0 MB.

Unloading 11 unused Assets to reduce memory usage. Loaded Objects now: 3489.
Total: 1.732644 ms (FindLiveObjects: 0.194583 ms CreateObjectMapping: 0.117998 ms MarkObjects: 1.394903 ms  DeleteObjects: 0.024459 ms)

AssetImportParameters requested are different than current active one (requested -> active):
  custom:graphics/normal-map-encoding: 01000000000000000000000000000000 -> 02000000000000000000000000000000
AssetImportWorkerClient::OnTransportError - code=2 error=End of file
