Using pre-set license

 COMMAND LINE ARGUMENTS:
/Users/daniel/Documents/UnityVersions/2021.1.3f1/Unity.app/Contents/MacOS/Unity
-adb2
-batchMode
-noUpm
-name
AssetImportWorker0
-projectPath
/Users/daniel/Documents/Projects/3d-education
-logFile
Logs/AssetImportWorker0.log
-srvPort
49884
Successfully changed project path to: /Users/daniel/Documents/Projects/3d-education
/Users/daniel/Documents/Projects/3d-education
Using Asset Import Pipeline V2.
Refreshing native plugins compatible for Editor in 80.65 ms, found 1 plugins.
Preloading 0 native plugins for Editor in 0.00 ms.
Initialize engine version: 2021.1.3f1 (4bef613afd59)
[Subsystems] Discovering subsystems at path /Users/daniel/Documents/UnityVersions/2021.1.3f1/Unity.app/Contents/Resources/UnitySubsystems
[Subsystems] Discovering subsystems at path /Users/daniel/Documents/Projects/3d-education/Assets
GfxDevice: creating device client; threaded=0; jobified=0
2021-06-08 11:42:14.883 Unity[6388:43842] Color LCD preferred device: Intel(R) UHD Graphics 630 (low power)
2021-06-08 11:42:14.883 Unity[6388:43842] Metal devices available: 2
2021-06-08 11:42:14.883 Unity[6388:43842] 0: AMD Radeon Pro 5500M (high power)
2021-06-08 11:42:14.884 Unity[6388:43842] 1: Intel(R) UHD Graphics 630 (low power)
2021-06-08 11:42:14.884 Unity[6388:43842] Using device AMD Radeon Pro 5500M (high power)
Initializing Metal device caps: AMD Radeon Pro 5500M
Initialize mono
Mono path[0] = '/Users/daniel/Documents/UnityVersions/2021.1.3f1/Unity.app/Contents/Managed'
Mono path[1] = '/Users/daniel/Documents/UnityVersions/2021.1.3f1/Unity.app/Contents/MonoBleedingEdge/lib/mono/unityjit'
Mono config path = '/Users/daniel/Documents/UnityVersions/2021.1.3f1/Unity.app/Contents/MonoBleedingEdge/etc'
Using monoOptions --debugger-agent=transport=dt_socket,embedding=1,server=y,suspend=n,address=127.0.0.1:56388
Begin MonoManager ReloadAssembly
Registering precompiled unity dll's ...
Register platform support module: /Users/daniel/Documents/UnityVersions/2021.1.3f1/PlaybackEngines/WebGLSupport/UnityEditor.WebGL.Extensions.dll
Register platform support module: /Users/daniel/Documents/UnityVersions/2021.1.3f1/Unity.app/Contents/PlaybackEngines/MacStandaloneSupport/UnityEditor.OSXStandalone.Extensions.dll
Registered in 0.004486 seconds.
Native extension for OSXStandalone target not found
Native extension for WebGL target not found
Refreshing native plugins compatible for Editor in 74.93 ms, found 1 plugins.
Preloading 0 native plugins for Editor in 0.00 ms.
Mono: successfully reloaded assembly
- Completed reload, in  2.849 seconds
Platform modules already initialized, skipping
Registering precompiled user dll's ...
Registered in 0.006693 seconds.
Begin MonoManager ReloadAssembly
Native extension for OSXStandalone target not found
Native extension for WebGL target not found
Refreshing native plugins compatible for Editor in 70.73 ms, found 1 plugins.
Preloading 0 native plugins for Editor in 0.00 ms.
Mono: successfully reloaded assembly
- Completed reload, in  1.221 seconds
Platform modules already initialized, skipping
========================================================================
Worker process is ready to serve import requests
Launching external process: /Users/daniel/Documents/UnityVersions/2021.1.3f1/Unity.app/Contents/Tools/UnityShaderCompiler
Launched and connected shader compiler UnityShaderCompiler after 0.02 seconds
Refreshing native plugins compatible for Editor in 0.50 ms, found 1 plugins.
Preloading 0 native plugins for Editor in 0.00 ms.
Unloading 3022 Unused Serialized files (Serialized files now loaded: 0)
System memory in use before: 189.2 MB.
System memory in use after: 189.4 MB.

Unloading 15 unused Assets to reduce memory usage. Loaded Objects now: 3479.
Total: 2.084886 ms (FindLiveObjects: 0.235355 ms CreateObjectMapping: 0.132984 ms MarkObjects: 1.664307 ms  DeleteObjects: 0.051379 ms)

========================================================================
Received Import Request.
  path: Assets/Prefabs/LouisXV.prefab
  artifactKey: Guid(f716c93e49ccb4be88073a51e8a91f81) Importer(815301076,1909f56bfc062723c751e8b465ee728b)
Start importing Assets/Prefabs/LouisXV.prefab using Guid(f716c93e49ccb4be88073a51e8a91f81) Importer(815301076,1909f56bfc062723c751e8b465ee728b)  -> (artifact id: 'de8a615e4c0b88a655fc4a639cfdfd5d') in 1.406498 seconds 
========================================================================
Received Import Request.
  Time since last request: 12.963722 seconds.
  path: Assets/Prefabs/LouisXV.prefab
  artifactKey: Guid(f716c93e49ccb4be88073a51e8a91f81) Importer(815301076,1909f56bfc062723c751e8b465ee728b)
Start importing Assets/Prefabs/LouisXV.prefab using Guid(f716c93e49ccb4be88073a51e8a91f81) Importer(815301076,1909f56bfc062723c751e8b465ee728b)  -> (artifact id: 'bb19caa80c38bdac2e89ec856224cd36') in 0.130328 seconds 
========================================================================
Received Prepare
Refreshing native plugins compatible for Editor in 3.91 ms, found 1 plugins.
Preloading 0 native plugins for Editor in 0.00 ms.
Unloading 8 Unused Serialized files (Serialized files now loaded: 0)
System memory in use before: 137.0 MB.
System memory in use after: 137.2 MB.

Unloading 7 unused Assets to reduce memory usage. Loaded Objects now: 3486.
Total: 2.339688 ms (FindLiveObjects: 0.250243 ms CreateObjectMapping: 0.141640 ms MarkObjects: 1.935967 ms  DeleteObjects: 0.010780 ms)

========================================================================
Received Import Request.
  Time since last request: 118.526137 seconds.
  path: Assets/Prefabs/LouisXV.prefab
  artifactKey: Guid(f716c93e49ccb4be88073a51e8a91f81) Importer(815301076,1909f56bfc062723c751e8b465ee728b)
Start importing Assets/Prefabs/LouisXV.prefab using Guid(f716c93e49ccb4be88073a51e8a91f81) Importer(815301076,1909f56bfc062723c751e8b465ee728b)  -> (artifact id: '8145378f4f20ea133b395ba6c54e279b') in 0.133574 seconds 
========================================================================
Received Import Request.
  Time since last request: 3.586155 seconds.
  path: Assets/Prefabs/LouisXV.prefab
  artifactKey: Guid(f716c93e49ccb4be88073a51e8a91f81) Importer(815301076,1909f56bfc062723c751e8b465ee728b)
Start importing Assets/Prefabs/LouisXV.prefab using Guid(f716c93e49ccb4be88073a51e8a91f81) Importer(815301076,1909f56bfc062723c751e8b465ee728b)  -> (artifact id: '8c5c4502662d77c0f00a46310f13d494') in 0.129019 seconds 
========================================================================
Received Import Request.
  Time since last request: 5.534140 seconds.
  path: Assets/Prefabs/LouisXV.prefab
  artifactKey: Guid(f716c93e49ccb4be88073a51e8a91f81) Importer(815301076,1909f56bfc062723c751e8b465ee728b)
Start importing Assets/Prefabs/LouisXV.prefab using Guid(f716c93e49ccb4be88073a51e8a91f81) Importer(815301076,1909f56bfc062723c751e8b465ee728b)  -> (artifact id: 'c742a9dd07e45e0d8290190a87ec9772') in 0.128649 seconds 
========================================================================
Received Prepare
Registering precompiled user dll's ...
Registered in 0.001613 seconds.
Begin MonoManager ReloadAssembly
Native extension for OSXStandalone target not found
Native extension for WebGL target not found
Refreshing native plugins compatible for Editor in 0.49 ms, found 1 plugins.
Preloading 0 native plugins for Editor in 0.00 ms.
Mono: successfully reloaded assembly
- Completed reload, in  1.083 seconds
Platform modules already initialized, skipping
Switching build target platform(2) subTarget(0) extendedPlatform(0) -> platform(13) subTarget(524288) extendedPlatform(0)
Refreshing native plugins compatible for Editor in 0.60 ms, found 1 plugins.
Preloading 0 native plugins for Editor in 0.00 ms.
Unloading 2999 Unused Serialized files (Serialized files now loaded: 0)
System memory in use before: 194.8 MB.
System memory in use after: 195.0 MB.

Unloading 10 unused Assets to reduce memory usage. Loaded Objects now: 3490.
Total: 2.818485 ms (FindLiveObjects: 0.320578 ms CreateObjectMapping: 0.236307 ms MarkObjects: 2.242415 ms  DeleteObjects: 0.017658 ms)

AssetImportParameters requested are different than current active one (requested -> active):
  custom:graphics/normal-map-encoding: 01000000000000000000000000000000 -> 02000000000000000000000000000000
========================================================================
Received Import Request.
  Time since last request: 65.528884 seconds.
  path: Assets/Prefabs/digestive system.prefab
  artifactKey: Guid(af9e02bb11ae74ea29ffa069dea073ed) Importer(815301076,1909f56bfc062723c751e8b465ee728b)
Start importing Assets/Prefabs/digestive system.prefab using Guid(af9e02bb11ae74ea29ffa069dea073ed) Importer(815301076,1909f56bfc062723c751e8b465ee728b)  -> (artifact id: 'a56d93d71d248b7f13eefe480cae7caa') in 0.241443 seconds 
========================================================================
Received Prepare
Registering precompiled user dll's ...
Registered in 0.001667 seconds.
Begin MonoManager ReloadAssembly
Native extension for OSXStandalone target not found
Native extension for WebGL target not found
Refreshing native plugins compatible for Editor in 0.49 ms, found 1 plugins.
Preloading 0 native plugins for Editor in 0.00 ms.
Mono: successfully reloaded assembly
- Completed reload, in  1.042 seconds
Platform modules already initialized, skipping
Switching build target platform(2) subTarget(0) extendedPlatform(0) -> platform(13) subTarget(524288) extendedPlatform(0)
Refreshing native plugins compatible for Editor in 0.53 ms, found 1 plugins.
Preloading 0 native plugins for Editor in 0.00 ms.
Unloading 2999 Unused Serialized files (Serialized files now loaded: 0)
System memory in use before: 195.2 MB.
System memory in use after: 195.4 MB.

Unloading 10 unused Assets to reduce memory usage. Loaded Objects now: 3495.
Total: 2.979002 ms (FindLiveObjects: 0.378571 ms CreateObjectMapping: 0.305824 ms MarkObjects: 2.273625 ms  DeleteObjects: 0.019226 ms)

AssetImportParameters requested are different than current active one (requested -> active):
  custom:graphics/normal-map-encoding: 01000000000000000000000000000000 -> 02000000000000000000000000000000
========================================================================
Received Import Request.
  Time since last request: 19.654357 seconds.
  path: Assets/Prefabs/digestive system.prefab
  artifactKey: Guid(af9e02bb11ae74ea29ffa069dea073ed) Importer(815301076,1909f56bfc062723c751e8b465ee728b)
Start importing Assets/Prefabs/digestive system.prefab using Guid(af9e02bb11ae74ea29ffa069dea073ed) Importer(815301076,1909f56bfc062723c751e8b465ee728b)  -> (artifact id: 'a67608953bbc08e05c483f204c0bc242') in 0.221166 seconds 
========================================================================
Received Prepare
Registering precompiled user dll's ...
Registered in 0.001255 seconds.
Begin MonoManager ReloadAssembly
Native extension for OSXStandalone target not found
Native extension for WebGL target not found
Refreshing native plugins compatible for Editor in 0.71 ms, found 1 plugins.
Preloading 0 native plugins for Editor in 0.00 ms.
Mono: successfully reloaded assembly
- Completed reload, in  1.032 seconds
Platform modules already initialized, skipping
Switching build target platform(2) subTarget(0) extendedPlatform(0) -> platform(13) subTarget(524288) extendedPlatform(0)
Refreshing native plugins compatible for Editor in 0.56 ms, found 1 plugins.
Preloading 0 native plugins for Editor in 0.00 ms.
Unloading 2999 Unused Serialized files (Serialized files now loaded: 0)
System memory in use before: 195.5 MB.
System memory in use after: 195.7 MB.

Unloading 10 unused Assets to reduce memory usage. Loaded Objects now: 3500.
Total: 3.444377 ms (FindLiveObjects: 0.479087 ms CreateObjectMapping: 0.295724 ms MarkObjects: 2.647202 ms  DeleteObjects: 0.019846 ms)

AssetImportParameters requested are different than current active one (requested -> active):
  custom:graphics/normal-map-encoding: 01000000000000000000000000000000 -> 02000000000000000000000000000000
========================================================================
Received Prepare
Refreshing native plugins compatible for Editor in 1.43 ms, found 1 plugins.
Preloading 0 native plugins for Editor in 0.00 ms.
Unloading 8 Unused Serialized files (Serialized files now loaded: 0)
System memory in use before: 137.3 MB.
System memory in use after: 137.6 MB.

Unloading 7 unused Assets to reduce memory usage. Loaded Objects now: 3500.
Total: 2.500621 ms (FindLiveObjects: 0.293114 ms CreateObjectMapping: 0.183770 ms MarkObjects: 2.010551 ms  DeleteObjects: 0.012275 ms)

========================================================================
Received Import Request.
  Time since last request: 92.647419 seconds.
  path: Assets/Prefabs/digestive system.prefab
  artifactKey: Guid(af9e02bb11ae74ea29ffa069dea073ed) Importer(815301076,1909f56bfc062723c751e8b465ee728b)
Start importing Assets/Prefabs/digestive system.prefab using Guid(af9e02bb11ae74ea29ffa069dea073ed) Importer(815301076,1909f56bfc062723c751e8b465ee728b)  -> (artifact id: '0de4e4db07dbe3424ebb923652e9fda4') in 0.245530 seconds 
